<?xml version="1.0" encoding="UTF-8"?>
<!-- Generated by org.testng.reporters.JUnitXMLReporter -->
<testsuite ignored="0" hostname="LAPTOP-5JUELKVV" failures="1" tests="4" name="Error Validation Test" time="17.694" errors="0" timestamp="2025-12-17T18:31:31 IST">
  <testcase classname="AjinkyaProject.ErrorValidationTest" name="loginerrorValidationTest" time="1.276">
    <skipped/>
  </testcase> <!-- loginerrorValidationTest -->
  <testcase classname="AjinkyaProject.ErrorValidationTest" name="loginerrorValidationTest" time="0.722">
    <skipped/>
  </testcase> <!-- loginerrorValidationTest -->
  <testcase classname="AjinkyaProject.ErrorValidationTest" name="loginerrorValidationTest" time="1.154">
    <failure type="java.lang.AssertionError" message="expected [Incorrect email or password.] but found [Incorrect emai or password.]">
      <![CDATA[java.lang.AssertionError: expected [Incorrect email or password.] but found [Incorrect emai or password.]
at AjinkyaProject.ErrorValidationTest.loginerrorValidationTest(ErrorValidationTest.java:33)
at java.base/java.util.ArrayList.forEach(ArrayList.java:1596)
... Removed 31 stack frames]]>
    </failure>
  </testcase> <!-- loginerrorValidationTest -->
  <testcase classname="AjinkyaProject.ErrorValidationTest" name="productErrorValidationTest" time="2.385"/>
</testsuite> <!-- Error Validation Test -->
