<?xml version="1.0" encoding="UTF-8"?>
<!-- Generated by org.testng.reporters.JUnitXMLReporter -->
<testsuite ignored="0" hostname="LAPTOP-5JUELKVV" failures="0" tests="3" name="Submit Order Test" time="18.226" errors="0" timestamp="2025-12-17T18:31:14 IST">
  <testcase classname="AjinkyaProject.SubmitOrderTest" name="submitOrderTest" time="5.742"/>
  <testcase classname="AjinkyaProject.SubmitOrderTest" name="submitOrderTest" time="5.271"/>
  <testcase classname="AjinkyaProject.SubmitOrderTest" name="orderHistoryTest" time="0.699"/>
</testsuite> <!-- Submit Order Test -->
