<?xml version="1.0" encoding="UTF-8"?>
<!-- Generated by org.testng.reporters.JUnitReportReporter -->
<testsuite hostname="LAPTOP-5JUELKVV" failures="0" tests="3" name="AjinkyaProject.SubmitOrderTest" time="18.046" errors="0" timestamp="2025-12-17T18:31:31 IST" skipped="0">
  <testcase classname="AjinkyaProject.SubmitOrderTest" name="orderHistoryTest" time="4.040"/>
  <testcase classname="AjinkyaProject.SubmitOrderTest" name="submitOrderTest" time="7.286"/>
  <testcase classname="AjinkyaProject.SubmitOrderTest" name="submitOrderTest" time="6.720"/>
</testsuite> <!-- AjinkyaProject.SubmitOrderTest -->
